<?xml version="1.0" encoding="UTF-8"?>
<!-- Generated by org.testng.reporters.JUnitReportReporter -->
<testsuite hostname="COMP-ILIA53" failures="0" tests="1" name="tests.TestSanity" time="20.459" errors="0" timestamp="2022-02-04T22:43:02 IST" skipped="0">
  <testcase classname="tests.TestSanity" name="TestS" time="20.459"/>
  <system-out/>
</testsuite> <!-- tests.TestSanity -->
