<?xml version="1.0" encoding="UTF-8"?>
<!-- Generated by org.testng.reporters.JUnitReportReporter -->
<testsuite hostname="COMP-ILIA53" failures="0" tests="1" name="tests.Test_1" time="8.497" errors="0" timestamp="2022-02-03T18:54:13 IST" skipped="0">
  <testcase classname="tests.Test_1" name="test1" time="8.497"/>
  <system-out/>
</testsuite> <!-- tests.Test_1 -->
